<?xml version="1.0" encoding="UTF-8"?>
<coverage generated="1777587104901" clover="3.2.0">
  <project timestamp="1777587104902" name="All files">
    <metrics statements="42" coveredstatements="37" conditionals="12" coveredconditionals="10" methods="25" coveredmethods="20" elements="79" coveredelements="67" complexity="0" loc="42" ncloc="42" packages="1" files="6" classes="6"/>
    <file name="abstractFactory.js" path="C:\Users\akira\Downloads\movie-rental-system\creational_patterns\abstractFactory.js">
      <metrics statements="5" coveredstatements="5" conditionals="0" coveredconditionals="0" methods="4" coveredmethods="4"/>
      <line num="3" count="1" type="stmt"/>
      <line num="9" count="1" type="stmt"/>
      <line num="15" count="1" type="stmt"/>
      <line num="21" count="1" type="stmt"/>
      <line num="25" count="1" type="stmt"/>
    </file>
    <file name="builder.js" path="C:\Users\akira\Downloads\movie-rental-system\creational_patterns\builder.js">
      <metrics statements="8" coveredstatements="8" conditionals="0" coveredconditionals="0" methods="5" coveredmethods="5"/>
      <line num="3" count="2" type="stmt"/>
      <line num="9" count="2" type="stmt"/>
      <line num="13" count="1" type="stmt"/>
      <line num="14" count="1" type="stmt"/>
      <line num="18" count="1" type="stmt"/>
      <line num="19" count="1" type="stmt"/>
      <line num="23" count="2" type="stmt"/>
      <line num="27" count="1" type="stmt"/>
    </file>
    <file name="factoryMethod.js" path="C:\Users\akira\Downloads\movie-rental-system\creational_patterns\factoryMethod.js">
      <metrics statements="7" coveredstatements="6" conditionals="4" coveredconditionals="4" methods="4" coveredmethods="3"/>
      <line num="3" count="0" type="stmt"/>
      <line num="9" count="1" type="stmt"/>
      <line num="15" count="1" type="stmt"/>
      <line num="21" count="3" type="cond" truecount="2" falsecount="0"/>
      <line num="22" count="2" type="cond" truecount="2" falsecount="0"/>
      <line num="24" count="1" type="stmt"/>
      <line num="28" count="1" type="stmt"/>
    </file>
    <file name="prototype.js" path="C:\Users\akira\Downloads\movie-rental-system\creational_patterns\prototype.js">
      <metrics statements="5" coveredstatements="5" conditionals="0" coveredconditionals="0" methods="3" coveredmethods="3"/>
      <line num="3" count="1" type="stmt"/>
      <line num="7" count="1" type="stmt"/>
      <line num="16" count="1" type="stmt"/>
      <line num="17" count="1" type="stmt"/>
      <line num="21" count="1" type="stmt"/>
    </file>
    <file name="simpleFactory.js" path="C:\Users\akira\Downloads\movie-rental-system\creational_patterns\simpleFactory.js">
      <metrics statements="11" coveredstatements="7" conditionals="6" coveredconditionals="4" methods="7" coveredmethods="3"/>
      <line num="3" count="1" type="stmt"/>
      <line num="7" count="1" type="stmt"/>
      <line num="13" count="0" type="stmt"/>
      <line num="17" count="0" type="stmt"/>
      <line num="23" count="0" type="stmt"/>
      <line num="27" count="0" type="stmt"/>
      <line num="33" count="2" type="cond" truecount="2" falsecount="0"/>
      <line num="34" count="1" type="cond" truecount="1" falsecount="1"/>
      <line num="35" count="1" type="cond" truecount="1" falsecount="1"/>
      <line num="37" count="1" type="stmt"/>
      <line num="41" count="1" type="stmt"/>
    </file>
    <file name="singleton.js" path="C:\Users\akira\Downloads\movie-rental-system\creational_patterns\singleton.js">
      <metrics statements="6" coveredstatements="6" conditionals="2" coveredconditionals="2" methods="2" coveredmethods="2"/>
      <line num="3" count="2" type="cond" truecount="2" falsecount="0"/>
      <line num="4" count="1" type="stmt"/>
      <line num="7" count="1" type="stmt"/>
      <line num="8" count="1" type="stmt"/>
      <line num="12" count="1" type="stmt"/>
      <line num="16" count="1" type="stmt"/>
    </file>
  </project>
</coverage>
