TN:
SF:creational_patterns\abstractFactory.js
FN:2,(anonymous_0)
FN:8,(anonymous_1)
FN:14,(anonymous_2)
FN:20,(anonymous_3)
FNF:4
FNH:4
FNDA:1,(anonymous_0)
FNDA:1,(anonymous_1)
FNDA:1,(anonymous_2)
FNDA:1,(anonymous_3)
DA:3,1
DA:9,1
DA:15,1
DA:21,1
DA:25,1
LF:5
LH:5
BRF:0
BRH:0
end_of_record
TN:
SF:creational_patterns\builder.js
FN:2,(anonymous_0)
FN:8,(anonymous_1)
FN:12,(anonymous_2)
FN:17,(anonymous_3)
FN:22,(anonymous_4)
FNF:5
FNH:5
FNDA:2,(anonymous_0)
FNDA:2,(anonymous_1)
FNDA:1,(anonymous_2)
FNDA:1,(anonymous_3)
FNDA:2,(anonymous_4)
DA:3,2
DA:9,2
DA:13,1
DA:14,1
DA:18,1
DA:19,1
DA:23,2
DA:27,1
LF:8
LH:8
BRF:0
BRH:0
end_of_record
TN:
SF:creational_patterns\factoryMethod.js
FN:2,(anonymous_0)
FN:8,(anonymous_1)
FN:14,(anonymous_2)
FN:20,(anonymous_3)
FNF:4
FNH:3
FNDA:0,(anonymous_0)
FNDA:1,(anonymous_1)
FNDA:1,(anonymous_2)
FNDA:3,(anonymous_3)
DA:3,0
DA:9,1
DA:15,1
DA:21,3
DA:22,2
DA:24,1
DA:28,1
LF:7
LH:6
BRDA:21,0,0,1
BRDA:21,0,1,2
BRDA:22,1,0,1
BRDA:22,1,1,1
BRF:4
BRH:4
end_of_record
TN:
SF:creational_patterns\prototype.js
FN:2,(anonymous_0)
FN:6,(anonymous_1)
FN:15,(anonymous_2)
FNF:3
FNH:3
FNDA:1,(anonymous_0)
FNDA:1,(anonymous_1)
FNDA:1,(anonymous_2)
DA:3,1
DA:7,1
DA:16,1
DA:17,1
DA:21,1
LF:5
LH:5
BRF:0
BRH:0
end_of_record
TN:
SF:creational_patterns\simpleFactory.js
FN:2,(anonymous_0)
FN:6,(anonymous_1)
FN:12,(anonymous_2)
FN:16,(anonymous_3)
FN:22,(anonymous_4)
FN:26,(anonymous_5)
FN:32,(anonymous_6)
FNF:7
FNH:3
FNDA:1,(anonymous_0)
FNDA:1,(anonymous_1)
FNDA:0,(anonymous_2)
FNDA:0,(anonymous_3)
FNDA:0,(anonymous_4)
FNDA:0,(anonymous_5)
FNDA:2,(anonymous_6)
DA:3,1
DA:7,1
DA:13,0
DA:17,0
DA:23,0
DA:27,0
DA:33,2
DA:34,1
DA:35,1
DA:37,1
DA:41,1
LF:11
LH:7
BRDA:33,0,0,1
BRDA:33,0,1,1
BRDA:34,1,0,0
BRDA:34,1,1,1
BRDA:35,2,0,0
BRDA:35,2,1,1
BRF:6
BRH:4
end_of_record
TN:
SF:creational_patterns\singleton.js
FN:2,(anonymous_0)
FN:11,(anonymous_1)
FNF:2
FNH:2
FNDA:2,(anonymous_0)
FNDA:1,(anonymous_1)
DA:3,2
DA:4,1
DA:7,1
DA:8,1
DA:12,1
DA:16,1
LF:6
LH:6
BRDA:3,0,0,1
BRDA:3,0,1,1
BRF:2
BRH:2
end_of_record
